<?xml version="1.0" encoding="UTF-8"?>
<!-- Generated by org.testng.reporters.JUnitReportReporter -->
<testsuite hostname="shabbir-Inspiron-5521" name="client.TestHome" tests="2" failures="0" timestamp="26 Apr 2015 21:33:18 GMT" time="0.008" errors="0">
  <testcase name="testHomeContent" time="0.008" classname="client.TestHome"/>
  <testcase name="testHomePage" time="0.000" classname="client.TestHome"/>
</testsuite> <!-- client.TestHome -->
